<?xml version="1.0" encoding="UTF-8"?>
<testsuite xmlns:xsi="http://www.w3.org/2001/XMLSchema-instance" xsi:noNamespaceSchemaLocation="https://maven.apache.org/surefire/maven-surefire-plugin/xsd/surefire-test-report-3.0.xsd" version="3.0" name="org.rebecalang.compiler.modelcompiler.ModelStructureTest" time="2.025" tests="9" errors="0" skipped="0" failures="0">
  <properties>
[...]
</properties>
  <testcase name="GIVEN_ManyTests_WHEN_AllAreCorrect_THEN_NoError" classname="org.rebecalang.compiler.modelcompiler.ModelStructureTest" time="1.381"/>
  <testcase name="GIVEN_TimedRebecaModelWithTypesAndMethods_WHEN_CoreIs2_1_THEN_NoErrors" classname="org.rebecalang.compiler.modelcompiler.ModelStructureTest" time="0.019"/>
  <testcase name="GIVEN_SchedularTimedRebecaModel_WHEN_CoreIs2_1_THEN_4Errors" classname="org.rebecalang.compiler.modelcompiler.ModelStructureTest" time="0.449"/>
  <testcase name="GIVEN_ProbabilisticRebecaModelWithStatements_WHEN_CoreIs2_1_THEN_NoErrors" classname="org.rebecalang.compiler.modelcompiler.ModelStructureTest" time="0.009"/>
  <testcase name="GIVEN_CoreRebecaModelWithCompilerError_WHEN_CoreIs2_1_THEN_1Error" classname="org.rebecalang.compiler.modelcompiler.ModelStructureTest" time="0.002"/>
  <testcase name="GIVEN_WSANTimedRebecaModel_WEHN_CoreIs2_1_THEN_NoError" classname="org.rebecalang.compiler.modelcompiler.ModelStructureTest" time="0.092"/>
  <testcase name="GIVEN_TimedRebecaModelWithPriority_WHEN_CoreIs2_1_THEN_2Errors" classname="org.rebecalang.compiler.modelcompiler.ModelStructureTest" time="0.002"/>
  <testcase name="GIVEN_CorrectCoreRebecaModelWithInitialMethod_WHEN_CoreIs2_0_THEN_1Error" classname="org.rebecalang.compiler.modelcompiler.ModelStructureTest" time="0.002"/>
  <testcase name="GIVEN_CoreRebecaModelWithDifferentExpressions_WHEN_CoreIs2_1_THEN_1Error" classname="org.rebecalang.compiler.modelcompiler.ModelStructureTest" time="0.017"/>
</testsuite>